#! /c/Source/iverilog-install/bin/vvp
:ivl_version "12.0 (devel)" "(s20150603-1539-g2693dd32b)";
:ivl_delay_selection "TYPICAL";
:vpi_time_precision - 12;
:vpi_module "C:\iverilog\lib\ivl\system.vpi";
:vpi_module "C:\iverilog\lib\ivl\vhdl_sys.vpi";
:vpi_module "C:\iverilog\lib\ivl\vhdl_textio.vpi";
:vpi_module "C:\iverilog\lib\ivl\v2005_math.vpi";
:vpi_module "C:\iverilog\lib\ivl\va_math.vpi";
S_000001cb7e92b410 .scope module, "led_driver_tb" "led_driver_tb" 2 4;
 .timescale -9 -12;
v000001cb7e7fbc00_0 .var "clk", 0 0;
v000001cb7e7f3d80_0 .var "clr", 0 0;
v000001cb7e7f3e20_0 .var "color_test", 23 0;
v000001cb7e7f46d0_0 .net "led_out", 0 0, v000001cb7e7c3000_0;  1 drivers
S_000001cb7e92b5a0 .scope module, "UUT" "led_driver" 2 11, 3 21 0, S_000001cb7e92b410;
 .timescale -9 -12;
    .port_info 0 /INPUT 1 "CLK";
    .port_info 1 /INPUT 1 "RST";
    .port_info 2 /INPUT 24 "rgb_data";
    .port_info 3 /OUTPUT 1 "DATA";
P_000001cb7e7fb890 .param/l "LED_NUM" 0 3 39, +C4<00000000000000000000000000000111>;
P_000001cb7e7fb8c8 .param/l "STATE_DATA" 1 3 45, +C4<00000000000000000000000000000000>;
P_000001cb7e7fb900 .param/l "STATE_RESET" 1 3 46, +C4<00000000000000000000000000000001>;
P_000001cb7e7fb938 .param/l "TH" 0 3 35, +C4<00000000000000000000000000001010>;
P_000001cb7e7fb970 .param/l "TL" 0 3 36, +C4<00000000000000000000000000000101>;
P_000001cb7e7fb9a8 .param/l "TP" 0 3 37, +C4<00000000000000000000000000001111>;
P_000001cb7e7fb9e0 .param/l "TR" 0 3 38, +C4<00000000000000000000001100001100>;
v000001cb7e7c2de0_0 .net "CLK", 0 0, v000001cb7e7fbc00_0;  1 drivers
v000001cb7e7c3000_0 .var "DATA", 0 0;
v000001cb7e7c2b70_0 .net "RST", 0 0, v000001cb7e7f3d80_0;  1 drivers
v000001cb7e92be50_0 .var "bit_counter", 11 0;
v000001cb7e92b180_0 .var "led_counter", 4 0;
v000001cb7e7fba20_0 .var "rgb_counter", 4 0;
v000001cb7e7fbac0_0 .net "rgb_data", 23 0, v000001cb7e7f3e20_0;  1 drivers
v000001cb7e7fbb60_0 .var "state", 1 0;
E_000001cb7e7e6d20 .event posedge, v000001cb7e7c2de0_0;
    .scope S_000001cb7e92b5a0;
T_0 ;
    %wait E_000001cb7e7e6d20;
    %load/vec4 v000001cb7e7c2b70_0;
    %nor/r;
    %flag_set/vec4 8;
    %jmp/0xz  T_0.0, 8;
    %pushi/vec4 1, 0, 2;
    %assign/vec4 v000001cb7e7fbb60_0, 0;
    %pushi/vec4 780, 0, 12;
    %assign/vec4 v000001cb7e92be50_0, 0;
    %pushi/vec4 6, 0, 5;
    %assign/vec4 v000001cb7e92b180_0, 0;
    %pushi/vec4 0, 0, 1;
    %assign/vec4 v000001cb7e7c3000_0, 0;
    %jmp T_0.1;
T_0.0 ;
    %load/vec4 v000001cb7e7fbb60_0;
    %dup/vec4;
    %pushi/vec4 1, 0, 2;
    %cmp/u;
    %jmp/1 T_0.2, 6;
    %dup/vec4;
    %pushi/vec4 0, 0, 2;
    %cmp/u;
    %jmp/1 T_0.3, 6;
    %jmp T_0.4;
T_0.2 ;
    %pushi/vec4 23, 0, 5;
    %assign/vec4 v000001cb7e7fba20_0, 0;
    %pushi/vec4 6, 0, 5;
    %assign/vec4 v000001cb7e92b180_0, 0;
    %pushi/vec4 0, 0, 1;
    %assign/vec4 v000001cb7e7c3000_0, 0;
    %load/vec4 v000001cb7e92be50_0;
    %subi 1, 0, 12;
    %assign/vec4 v000001cb7e92be50_0, 0;
    %load/vec4 v000001cb7e92be50_0;
    %pad/u 32;
    %cmpi/e 0, 0, 32;
    %jmp/0xz  T_0.5, 4;
    %pushi/vec4 0, 0, 2;
    %assign/vec4 v000001cb7e7fbb60_0, 0;
    %pushi/vec4 15, 0, 12;
    %assign/vec4 v000001cb7e92be50_0, 0;
T_0.5 ;
    %jmp T_0.4;
T_0.3 ;
    %load/vec4 v000001cb7e7fbac0_0;
    %load/vec4 v000001cb7e7fba20_0;
    %part/u 1;
    %flag_set/vec4 8;
    %jmp/0xz  T_0.7, 8;
    %pushi/vec4 5, 0, 32;
    %load/vec4 v000001cb7e92be50_0;
    %pad/u 32;
    %cmp/u;
    %flag_get/vec4 5;
    %assign/vec4 v000001cb7e7c3000_0, 0;
    %jmp T_0.8;
T_0.7 ;
    %pushi/vec4 10, 0, 32;
    %load/vec4 v000001cb7e92be50_0;
    %pad/u 32;
    %cmp/u;
    %flag_get/vec4 5;
    %assign/vec4 v000001cb7e7c3000_0, 0;
T_0.8 ;
    %load/vec4 v000001cb7e92be50_0;
    %subi 1, 0, 12;
    %assign/vec4 v000001cb7e92be50_0, 0;
    %load/vec4 v000001cb7e92be50_0;
    %pad/u 32;
    %cmpi/e 0, 0, 32;
    %jmp/0xz  T_0.9, 4;
    %pushi/vec4 15, 0, 12;
    %assign/vec4 v000001cb7e92be50_0, 0;
    %load/vec4 v000001cb7e7fba20_0;
    %subi 1, 0, 5;
    %assign/vec4 v000001cb7e7fba20_0, 0;
    %load/vec4 v000001cb7e7fba20_0;
    %pad/u 32;
    %cmpi/e 0, 0, 32;
    %jmp/0xz  T_0.11, 4;
    %pushi/vec4 23, 0, 5;
    %assign/vec4 v000001cb7e7fba20_0, 0;
    %pushi/vec4 15, 0, 12;
    %assign/vec4 v000001cb7e92be50_0, 0;
    %load/vec4 v000001cb7e92b180_0;
    %subi 1, 0, 5;
    %assign/vec4 v000001cb7e92b180_0, 0;
    %load/vec4 v000001cb7e92b180_0;
    %pad/u 32;
    %cmpi/e 0, 0, 32;
    %jmp/0xz  T_0.13, 4;
    %pushi/vec4 1, 0, 2;
    %assign/vec4 v000001cb7e7fbb60_0, 0;
    %pushi/vec4 6, 0, 5;
    %assign/vec4 v000001cb7e92b180_0, 0;
    %pushi/vec4 780, 0, 12;
    %assign/vec4 v000001cb7e92be50_0, 0;
T_0.13 ;
T_0.11 ;
T_0.9 ;
    %jmp T_0.4;
T_0.4 ;
    %pop/vec4 1;
T_0.1 ;
    %jmp T_0;
    .thread T_0;
    .scope S_000001cb7e92b410;
T_1 ;
    %pushi/vec4 0, 0, 1;
    %store/vec4 v000001cb7e7fbc00_0, 0, 1;
T_1.0 ;
    %delay 1000, 0;
    %load/vec4 v000001cb7e7fbc00_0;
    %inv;
    %store/vec4 v000001cb7e7fbc00_0, 0, 1;
    %jmp T_1.0;
    %end;
    .thread T_1;
    .scope S_000001cb7e92b410;
T_2 ;
    %delay 0, 0;
    %pushi/vec4 0, 0, 1;
    %store/vec4 v000001cb7e7f3d80_0, 0, 1;
    %pushi/vec4 11184810, 0, 24;
    %store/vec4 v000001cb7e7f3e20_0, 0, 24;
    %delay 10000, 0;
    %pushi/vec4 1, 0, 1;
    %store/vec4 v000001cb7e7f3d80_0, 0, 1;
    %delay 8000000, 0;
    %vpi_call 2 26 "$finish" {0 0 0};
    %end;
    .thread T_2;
    .scope S_000001cb7e92b410;
T_3 ;
    %vpi_call 2 30 "$monitor", "Time: %t  clk: %b clr: %b color_test: %h  led_out: %b", $time, v000001cb7e7fbc00_0, v000001cb7e7f3d80_0, v000001cb7e7f3e20_0, v000001cb7e7f46d0_0 {0 0 0};
    %vpi_call 2 31 "$dumpfile", "led_driver.vcd" {0 0 0};
    %vpi_call 2 32 "$dumpvars", 32'sb00000000000000000000000000000000, S_000001cb7e92b5a0 {0 0 0};
    %end;
    .thread T_3;
# The file index is used to find the file name in the following table.
:file_names 4;
    "N/A";
    "<interactive>";
    "led_driver_tb.v";
    "./led_driver.v";
